<?xml version="1.0" encoding="UTF-8"?>
<!-- Generated by org.testng.reporters.JUnitReportReporter -->
<testsuite hostname="BDC11-L-445YPP3" failures="0" tests="1" name="TestCases.TC2_AddRemoveItems" time="27.050" errors="0" timestamp="2023-12-27T21:27:30 IST" skipped="0">
  <testcase classname="TestCases.TC2_AddRemoveItems" name="AddRemoveItems" time="27.050"/>
  <system-out/>
</testsuite> <!-- TestCases.TC2_AddRemoveItems -->
