<?xml version="1.0" encoding="UTF-8"?>
<!-- Generated by org.testng.reporters.JUnitReportReporter -->
<testsuite hostname="BDC11-L-445YPP3" failures="0" tests="1" name="TestCases.TC1_LoginAndLogoutFromApplication" time="18.867" errors="0" timestamp="2023-12-28T00:26:11 IST" skipped="0">
  <testcase classname="TestCases.TC1_LoginAndLogoutFromApplication" name="LoginAndLogout" time="18.867"/>
  <system-out/>
</testsuite> <!-- TestCases.TC1_LoginAndLogoutFromApplication -->
