<?xml version="1.0" encoding="UTF-8"?>
<!-- Generated by org.testng.reporters.JUnitReportReporter -->
<testsuite hostname="BDC11-L-445YPP3" failures="0" tests="1" name="TestCases.TC6_CheckoutItems" time="63.585" errors="0" timestamp="2023-12-22T15:12:04 IST" skipped="0">
  <testcase classname="TestCases.TC6_CheckoutItems" name="CheckoutItems" time="63.585"/>
  <system-out/>
</testsuite> <!-- TestCases.TC6_CheckoutItems -->
