<?xml version="1.0" encoding="UTF-8"?>
<!-- Generated by org.testng.reporters.JUnitReportReporter -->
<testsuite hostname="BDC11-L-445YPP3" failures="0" tests="1" name="TestCases.TC4_AddRemoveProductCart" time="27.677" errors="0" timestamp="2023-12-15T15:13:56 IST" skipped="0">
  <testcase classname="TestCases.TC4_AddRemoveProductCart" name="AddRemoveItems" time="27.677"/>
  <system-out/>
</testsuite> <!-- TestCases.TC4_AddRemoveProductCart -->
