<?xml version="1.0" encoding="UTF-8"?>
<!-- Generated by org.testng.reporters.JUnitReportReporter -->
<testsuite hostname="BDC11-L-445YPP3" failures="0" tests="1" name="TestCases.TC3_SortingofItems" time="13.700" errors="0" timestamp="2023-12-20T14:19:09 IST" skipped="0">
  <testcase classname="TestCases.TC3_SortingofItems" name="Sortingofitems" time="13.700"/>
  <system-out/>
</testsuite> <!-- TestCases.TC3_SortingofItems -->
