<?xml version="1.0" encoding="UTF-8"?>
<!-- Generated by org.testng.reporters.JUnitReportReporter -->
<testsuite hostname="BDC11-L-445YPP3" failures="0" tests="1" name="TestCases.TC7_AddRemoveMoreItems" time="27.496" errors="0" timestamp="2023-12-22T15:05:27 IST" skipped="0">
  <testcase classname="TestCases.TC7_AddRemoveMoreItems" name="AddRemoveMoreItems" time="27.496"/>
  <system-out/>
</testsuite> <!-- TestCases.TC7_AddRemoveMoreItems -->
